<?xml version="1.0" encoding="UTF-8"?>
<!-- Generated by org.testng.reporters.JUnitReportReporter -->
<testsuite name="packge.javacls" tests="1" time="0.020" ignored="0" failures="0" timestamp="18 Apr 2017 07:25:02 GMT" skipped="0" hostname="Arjun-PC" errors="0">
  <testcase name="mthd" time="0.020" classname="packge.javacls"/>
</testsuite> <!-- packge.javacls -->
